Determining if the pthread_create exist failed with the following output:
Change Dir: /home/ubuntu/SarKerson/dehazeProcessor/build/CMakeFiles/CMakeTmp

Run Build Command:"/usr/bin/make" "cmTC_a5257/fast"
/usr/bin/make -f CMakeFiles/cmTC_a5257.dir/build.make CMakeFiles/cmTC_a5257.dir/build
make[1]: Entering directory '/media/ubuntu/sdcard/codes/SarKerson/dehazeProcessor/build/CMakeFiles/CMakeTmp'
Building C object CMakeFiles/cmTC_a5257.dir/CheckSymbolExists.c.o
/usr/bin/cc    -fPIC    -o CMakeFiles/cmTC_a5257.dir/CheckSymbolExists.c.o   -c /home/ubuntu/SarKerson/dehazeProcessor/build/CMakeFiles/CMakeTmp/CheckSymbolExists.c
Linking C executable cmTC_a5257
/usr/bin/cmake -E cmake_link_script CMakeFiles/cmTC_a5257.dir/link.txt --verbose=1
/usr/bin/cc  -fPIC     CMakeFiles/cmTC_a5257.dir/CheckSymbolExists.c.o  -o cmTC_a5257 -rdynamic 
CMakeFiles/cmTC_a5257.dir/CheckSymbolExists.c.o: In function `main':
CheckSymbolExists.c:(.text+0x14): undefined reference to `pthread_create'
CheckSymbolExists.c:(.text+0x18): undefined reference to `pthread_create'
collect2: error: ld returned 1 exit status
CMakeFiles/cmTC_a5257.dir/build.make:97: recipe for target 'cmTC_a5257' failed
make[1]: *** [cmTC_a5257] Error 1
make[1]: Leaving directory '/media/ubuntu/sdcard/codes/SarKerson/dehazeProcessor/build/CMakeFiles/CMakeTmp'
Makefile:126: recipe for target 'cmTC_a5257/fast' failed
make: *** [cmTC_a5257/fast] Error 2

File /home/ubuntu/SarKerson/dehazeProcessor/build/CMakeFiles/CMakeTmp/CheckSymbolExists.c:
/* */
#include <pthread.h>

int main(int argc, char** argv)
{
  (void)argv;
#ifndef pthread_create
  return ((int*)(&pthread_create))[argc];
#else
  (void)argc;
  return 0;
#endif
}

Determining if the function pthread_create exists in the pthreads failed with the following output:
Change Dir: /home/ubuntu/SarKerson/dehazeProcessor/build/CMakeFiles/CMakeTmp

Run Build Command:"/usr/bin/make" "cmTC_ff615/fast"
/usr/bin/make -f CMakeFiles/cmTC_ff615.dir/build.make CMakeFiles/cmTC_ff615.dir/build
make[1]: Entering directory '/media/ubuntu/sdcard/codes/SarKerson/dehazeProcessor/build/CMakeFiles/CMakeTmp'
Building C object CMakeFiles/cmTC_ff615.dir/CheckFunctionExists.c.o
/usr/bin/cc    -fPIC -DCHECK_FUNCTION_EXISTS=pthread_create   -o CMakeFiles/cmTC_ff615.dir/CheckFunctionExists.c.o   -c /usr/share/cmake-3.5/Modules/CheckFunctionExists.c
Linking C executable cmTC_ff615
/usr/bin/cmake -E cmake_link_script CMakeFiles/cmTC_ff615.dir/link.txt --verbose=1
/usr/bin/cc  -fPIC -DCHECK_FUNCTION_EXISTS=pthread_create    CMakeFiles/cmTC_ff615.dir/CheckFunctionExists.c.o  -o cmTC_ff615 -rdynamic -lpthreads 
/usr/bin/ld: cannot find -lpthreads
collect2: error: ld returned 1 exit status
CMakeFiles/cmTC_ff615.dir/build.make:97: recipe for target 'cmTC_ff615' failed
make[1]: *** [cmTC_ff615] Error 1
make[1]: Leaving directory '/media/ubuntu/sdcard/codes/SarKerson/dehazeProcessor/build/CMakeFiles/CMakeTmp'
Makefile:126: recipe for target 'cmTC_ff615/fast' failed
make: *** [cmTC_ff615/fast] Error 2


